{"session":"645e949a7f7e","build":"182.4231.348","bucket":"-1","time":1535902130481,"group":{"id":"lifecycle","version":"2"},"event":{"count":1,"data":{},"id":"ideaapp.started"}}
{"session":"645e949a7f7e","build":"182.4231.348","bucket":"-1","time":1535902130944,"group":{"id":"lifecycle","version":"2"},"event":{"count":1,"data":{},"id":"app.started"}}
{"session":"645e949a7f7e","build":"182.4231.348","bucket":"-1","time":1535902131735,"group":{"id":"lifecycle","version":"2"},"event":{"count":1,"data":{"durationSeconds":55},"id":"ide.freeze"}}
{"session":"645e949a7f7e","build":"182.4231.348","bucket":"-1","time":1535902151968,"group":{"id":"lifecycle","version":"2"},"event":{"count":1,"data":{},"id":"project.opened"}}
{"session":"645e949a7f7e","build":"182.4231.348","bucket":"-1","time":1535902155453,"group":{"id":"ui.dialogs","version":"2"},"event":{"count":1,"data":{"type":"show"},"id":"com.intellij.openapi.progress.util.ProgressDialog$MyDialogWrapper"}}
{"session":"645e949a7f7e","build":"182.4231.348","bucket":"-1","time":1535902155768,"group":{"id":"lifecycle","version":"2"},"event":{"count":1,"data":{"durationSeconds":21},"id":"ide.freeze"}}
{"session":"645e949a7f7e","build":"182.4231.348","bucket":"-1","time":1535902163467,"group":{"id":"ui.dialogs","version":"2"},"event":{"count":1,"data":{"code":1,"type":"close"},"id":"com.intellij.openapi.progress.util.ProgressDialog$MyDialogWrapper"}}
{"session":"645e949a7f7e","build":"182.4231.348","bucket":"-1","time":1535902166694,"group":{"id":"lifecycle","version":"2"},"event":{"count":1,"data":{"time.ms":31271},"id":"project.opening.finished"}}
{"session":"645e949a7f7e","build":"182.4231.348","bucket":"-1","time":1535902176498,"group":{"id":"system.os.name","version":"2"},"event":{"data":{},"id":"Linux"}}
{"session":"645e949a7f7e","build":"182.4231.348","bucket":"-1","time":1535902176500,"group":{"id":"system.os.version","version":"2"},"event":{"data":{},"id":"ubuntu_18.04"}}
{"session":"645e949a7f7e","build":"182.4231.348","bucket":"-1","time":1535902176500,"group":{"id":"system.jvm.vendor","version":"2"},"event":{"data":{},"id":"JetBrains_s.r.o"}}
{"session":"645e949a7f7e","build":"182.4231.348","bucket":"-1","time":1535902176500,"group":{"id":"system.jvm.version","version":"2"},"event":{"data":{},"id":"1.8"}}
{"session":"645e949a7f7e","build":"182.4231.348","bucket":"-1","time":1535902183448,"group":{"id":"toolwindow","version":"2"},"event":{"count":1,"data":{},"id":"Project_by_Activation"}}
{"session":"645e949a7f7e","build":"182.4231.348","bucket":"-1","time":1535902199380,"group":{"id":"actions","version":"2"},"event":{"count":1,"data":{},"id":"Run"}}
{"session":"645e949a7f7e","build":"182.4231.348","bucket":"-1","time":1535902199590,"group":{"id":"trigger","version":"2"},"event":{"count":1,"data":{},"id":"execute.DotNetProject.Run"}}
{"session":"645e949a7f7e","build":"182.4231.348","bucket":"-1","time":1535902200775,"group":{"id":"toolwindow","version":"2"},"event":{"count":1,"data":{},"id":"Build_by_Activation"}}
{"session":"645e949a7f7e","build":"182.4231.348","bucket":"-1","time":1535902208087,"group":{"id":"toolwindow","version":"2"},"event":{"count":1,"data":{},"id":"Run_by_Activation"}}
{"session":"645e949a7f7e","build":"182.4231.348","bucket":"-1","time":1535902251890,"group":{"id":"actions","version":"2"},"event":{"count":1,"data":{},"id":"Stop"}}
{"session":"645e949a7f7e","build":"182.4231.348","bucket":"-1","time":1535902253690,"group":{"id":"lifecycle","version":"2"},"event":{"count":1,"data":{"restart":false},"id":"app.closed"}}
{"session":"645e949a7f7e","build":"182.4231.348","bucket":"-1","time":1535902254464,"group":{"id":"lifecycle","version":"2"},"event":{"count":1,"data":{},"id":"project.closed"}}
{"session":"645e949a7f7e","build":"182.4231.348","bucket":"-1","time":1535902254980,"group":{"id":"lifecycle","version":"2"},"event":{"count":1,"data":{},"id":"ideaapp.closed"}}
