09:47:58.331 |I| Core                           | <unnamed-thread>:1             | MsBuild process with Id = 19603
09:47:58.700 |I| Core                           | <unnamed-thread>:1             | Start ControllerTask...
09:47:58.702 |I| Core                           | <unnamed-thread>:1             | Creating SocketWire with port = 34949
09:47:58.942 |I| Core                           | <unnamed-thread>:1             | Create protocol...
09:47:58.969 |I| Core                           | <unnamed-thread>:1             | Create MsBuildModel and advise for new sessions...
09:47:59.506 |I| Core                           | <unnamed-thread>:1             | Subscribe for changes...
09:47:59.507 |I| Core                           | <unnamed-thread>:1             | Setup process watchdog...
09:47:59.507 |I| Core                           | <unnamed-thread>:1             | Run dispatcher...
09:47:59.508 |I| ProcessWatchdog                | WatchParentPid:19421:5         | Monitoring parent process PID:19421
09:48:01.050 |I| Core                           | <unnamed-thread>:1             | Get protocol session 'RdProjectModelSession'
09:48:02.299 |I| Core                           | <unnamed-thread>:1             | Msbuild session 'ProjectModelSessionHost' created
09:48:02.311 |I| Core                           | <unnamed-thread>:1             | Change Verbosity to INFO
09:48:02.328 |I| JetBrains.Platform.MsBuildTask.ProjectModel.ProjectModelSessionHost | <unnamed-thread>:1             | Reloading 4 project(s) in 1 node(s)...
09:48:02.833 |I| Build                          | <unnamed-thread>:1             | Build started.
09:48:03.580 |I| BuildQueue                     | <unnamed-thread>:1             | Build immidiately: lab1.csproj
09:48:03.583 |I| Build                          | <unnamed-thread>:1             | Start build 'lab1.csproj' with 1 target frameworks
09:48:03.721 |I| BuildQueue                     | <unnamed-thread>:1             | Build immidiately: lab4.csproj
09:48:03.721 |I| Build                          | <unnamed-thread>:1             | Start build 'lab4.csproj' with 1 target frameworks
09:48:10.524 |I| Build                          | Thread Pool Worker:9           | Finish build part [1/1] for project 'lab1.csproj': Success
09:48:12.636 |I| Build                          | Thread Pool Worker:9           | Finish build project 'lab1.csproj': Success
09:48:12.666 |I| BuildQueue                     | Thread Pool Worker:9           | Build layer: lab2.csproj, lab3.csproj
09:48:12.666 |I| Build                          | Thread Pool Worker:9           | Start build 'lab2.csproj' with 1 target frameworks
09:48:12.667 |I| Build                          | Thread Pool Worker:9           | Start build 'lab3.csproj' with 1 target frameworks
09:48:15.189 |I| Build                          | Thread Pool Worker:9           | Finish build part [1/1] for project 'lab4.csproj': Success
09:48:15.189 |I| Build                          | Thread Pool Worker:9           | Finish build project 'lab4.csproj': Success
09:48:15.307 |I| Build                          | Thread Pool Worker:8           | Finish build part [1/1] for project 'lab3.csproj': Success
09:48:15.307 |I| Build                          | Thread Pool Worker:8           | Finish build project 'lab3.csproj': Success
09:48:15.350 |I| Build                          | Thread Pool Worker:8           | Finish build part [1/1] for project 'lab2.csproj': Success
09:48:15.350 |I| Build                          | Thread Pool Worker:8           | Finish build project 'lab2.csproj': Success
09:48:15.360 |I| JetBrains.Platform.MsBuildTask.ProjectModel.ProjectModelSessionHost | <unnamed-thread>:1             | Reloading has finished, statistic: 
	Total: 12.36 sec
	Binding: 0.04 sec
	Pre-evaluation: 0.49 sec
	Build-evaluation: 0.03 sec
09:48:15.380 |I| Build                          | <unnamed-thread>:1             | Build succeeded.
10:48:14.334 |I| Core                           | <unnamed-thread>:1             | Msbuild session 'ProjectModelSessionHost' was terminated
